Terminals unused in grammar

   SITUATION_TOK
   BSITUATION_TOK


Stato 82 1 conflitti shift/riduzione
Stato 89 1 riduzione/riduzione
Stato 106 1 riduzione/riduzione
Stato 124 1 conflitti shift/riduzione
Stato 139 5 conflitti shift/riduzione
Stato 141 6 conflitti shift/riduzione
Stato 143 5 conflitti shift/riduzione
Stato 145 5 conflitti shift/riduzione
Stato 179 1 conflitti shift/riduzione
Stato 181 1 conflitti shift/riduzione
Stato 184 1 conflitti shift/riduzione
Stato 187 1 conflitti shift/riduzione
Stato 189 1 conflitti shift/riduzione
Stato 191 1 conflitti shift/riduzione
Stato 193 1 conflitti shift/riduzione
Stato 195 1 conflitti shift/riduzione
Stato 211 3 conflitti shift/riduzione
Stato 213 4 conflitti shift/riduzione
Stato 215 3 conflitti shift/riduzione
Stato 217 3 conflitti shift/riduzione


Grammatica

    0 $accept: file $end

    1 file: /* vuoto */
    2     | problem_definition file

    3 $@1: /* vuoto */

    4 problem_definition: OPEN_PAREN DEFINE_TOK $@1 problem_name problem_defs CLOSE_PAREN

    5 problem_name: OPEN_PAREN PROBLEM_TOK NAME CLOSE_PAREN

    6 base_domain_name: OPEN_PAREN BDOMAIN_TOK NAME CLOSE_PAREN

    7 problem_defs: /* vuoto */
    8             | objects_def problem_defs
    9             | init_def problem_defs
   10             | goal_def problem_defs
   11             | base_domain_name problem_defs
   12             | require_def
   13             | metric_spec
   14             | length_spec

   15 objects_def: OPEN_PAREN OBJECTS_TOK typed_list_name CLOSE_PAREN

   16 $@2: /* vuoto */

   17 init_def: OPEN_PAREN INIT_TOK $@2 init_el_plus CLOSE_PAREN

   18 init_el_plus: init_el
   19             | init_el init_el_plus

   20 init_el: literal_name
   21        | OPEN_PAREN TIMED_EL_TOK number literal_name CLOSE_PAREN
   22        | OPEN_PAREN EQUAL_TOK f_head num_exp CLOSE_PAREN

   23 $@3: /* vuoto */

   24 goal_def: OPEN_PAREN GOAL_TOK $@3 adl_goal_description CLOSE_PAREN

   25 adl_goal_description: literal_term
   26                     | OPEN_PAREN AND_TOK adl_goal_description_star CLOSE_PAREN
   27                     | OPEN_PAREN OR_TOK adl_goal_description_star CLOSE_PAREN
   28                     | OPEN_PAREN NOT_TOK adl_goal_description CLOSE_PAREN
   29                     | OPEN_PAREN IMPLY_TOK adl_goal_description adl_goal_description CLOSE_PAREN
   30                     | OPEN_PAREN EXISTS_TOK OPEN_PAREN typed_list_variable CLOSE_PAREN adl_goal_description CLOSE_PAREN
   31                     | OPEN_PAREN FORALL_TOK OPEN_PAREN typed_list_variable CLOSE_PAREN adl_goal_description CLOSE_PAREN
   32                     | f_comp

   33 f_comp: OPEN_PAREN binary_comp f_exp f_exp CLOSE_PAREN

   34 f_exp: num_exp
   35      | OPEN_PAREN MINUS_TOK f_exp CLOSE_PAREN
   36      | OPEN_PAREN MINUS_TOK f_exp f_exp CLOSE_PAREN
   37      | OPEN_PAREN PLUS_TOK f_exp f_exp CLOSE_PAREN
   38      | OPEN_PAREN MUL_TOK f_exp f_exp CLOSE_PAREN
   39      | OPEN_PAREN DIV_TOK f_exp f_exp CLOSE_PAREN
   40      | f_head

   41 f_head: OPEN_PAREN function_symbol term_star CLOSE_PAREN
   42       | function_symbol

   43 binary_comp: GREATER_TOK
   44            | LESS_THAN_TOK
   45            | EQUAL_TOK
   46            | GREATER_OR_EQUAL_TOK
   47            | LESS_THAN_OR_EQUAL_TOK

   48 num_exp: OPEN_PAREN MINUS_TOK num_exp CLOSE_PAREN
   49        | OPEN_PAREN MINUS_TOK num_exp num_exp CLOSE_PAREN
   50        | OPEN_PAREN PLUS_TOK num_exp num_exp CLOSE_PAREN
   51        | OPEN_PAREN MUL_TOK num_exp num_exp CLOSE_PAREN
   52        | OPEN_PAREN DIV_TOK num_exp num_exp CLOSE_PAREN
   53        | number

   54 number: INTVAL
   55       | FLOATVAL

   56 function_symbol: NAME

   57 adl_goal_description_star: /* vuoto */
   58                          | adl_goal_description adl_goal_description_star

   59 literal_term: OPEN_PAREN NOT_TOK atomic_formula_term CLOSE_PAREN
   60             | atomic_formula_term

   61 atomic_formula_term: OPEN_PAREN predicate term_star CLOSE_PAREN

   62 term_star: /* vuoto */
   63          | term term_star

   64 term: NAME
   65     | VARIABLE

   66 name_plus: NAME
   67          | NAME name_plus

   68 typed_list_name: /* vuoto */
   69                | NAME either name_plus CLOSE_PAREN typed_list_name
   70                | NAME type typed_list_name
   71                | NAME typed_list_name

   72 typed_list_variable: /* vuoto */
   73                    | VARIABLE either name_plus CLOSE_PAREN typed_list_variable
   74                    | VARIABLE type typed_list_variable
   75                    | VARIABLE typed_list_variable

   76 predicate: NAME
   77          | EQUAL_TOK

   78 literal_name: OPEN_PAREN NOT_TOK atomic_formula_name CLOSE_PAREN
   79             | atomic_formula_name

   80 atomic_formula_name: OPEN_PAREN predicate name_star CLOSE_PAREN

   81 name_star: /* vuoto */
   82          | NAME name_star

   83 metric_spec: OPEN_PAREN METRIC_TOK optimization ground_f_exp CLOSE_PAREN

   84 optimization: MINIMIZE_TOK
   85             | MAXIMIZE_TOK

   86 ground_f_exp: OPEN_PAREN MINUS_TOK ground_f_exp CLOSE_PAREN
   87             | OPEN_PAREN MINUS_TOK ground_f_exp ground_f_exp CLOSE_PAREN
   88             | OPEN_PAREN PLUS_TOK ground_f_exp ground_f_exp CLOSE_PAREN
   89             | OPEN_PAREN MUL_TOK ground_f_exp ground_f_exp CLOSE_PAREN
   90             | OPEN_PAREN DIV_TOK ground_f_exp ground_f_exp CLOSE_PAREN
   91             | num_exp
   92             | f_head
   93             | TOTAL_TIME_TOK
   94             | OPEN_PAREN ground_f_exp CLOSE_PAREN
   95             | OPEN_PAREN MINUS_TOK num_exp ground_f_exp CLOSE_PAREN
   96             | OPEN_PAREN MINUS_TOK ground_f_exp num_exp CLOSE_PAREN
   97             | OPEN_PAREN PLUS_TOK num_exp ground_f_exp CLOSE_PAREN
   98             | OPEN_PAREN PLUS_TOK ground_f_exp num_exp CLOSE_PAREN
   99             | OPEN_PAREN DIV_TOK num_exp ground_f_exp CLOSE_PAREN
  100             | OPEN_PAREN DIV_TOK ground_f_exp num_exp CLOSE_PAREN
  101             | OPEN_PAREN MUL_TOK num_exp ground_f_exp CLOSE_PAREN
  102             | OPEN_PAREN MUL_TOK ground_f_exp num_exp CLOSE_PAREN

  103 length_spec: OPEN_PAREN LENGTH_TOK ser_par CLOSE_PAREN

  104 ser_par: /* vuoto */
  105        | OPEN_PAREN SERIAL_TOK INTVAL CLOSE_PAREN
  106        | OPEN_PAREN PARALLEL_TOK INTVAL CLOSE_PAREN

  107 type: MINUS_TOK NAME

  108 either: MINUS_TOK OPEN_PAREN EITHER_TOK

  109 $@4: /* vuoto */

  110 $@5: /* vuoto */

  111 require_def: OPEN_PAREN REQUIREMENTS_TOK $@4 NAME $@5 require_key_star CLOSE_PAREN

  112 require_key_star: /* vuoto */

  113 $@6: /* vuoto */

  114 require_key_star: NAME $@6 require_key_star


Simboli terminali e regole in cui appaiono

$end (0) 0
error (256)
DEFINE_TOK (258) 4
PROBLEM_TOK (259) 5
SITUATION_TOK (260)
BSITUATION_TOK (261)
OBJECTS_TOK (262) 15
BDOMAIN_TOK (263) 6
INIT_TOK (264) 17
GOAL_TOK (265) 24
AND_TOK (266) 26
NOT_TOK (267) 28 59 78
NAME (268) 5 6 56 64 66 67 69 70 71 76 82 107 111 114
VARIABLE (269) 65 73 74 75
EQUAL_TOK (270) 22 45 77
FORALL_TOK (271) 31
IMPLY_TOK (272) 29
OR_TOK (273) 27
EXISTS_TOK (274) 30
EITHER_TOK (275) 108
OPEN_PAREN (276) 4 5 6 15 17 21 22 24 26 27 28 29 30 31 33 35 36 37
    38 39 41 48 49 50 51 52 59 61 78 80 83 86 87 88 89 90 94 95 96
    97 98 99 100 101 102 103 105 106 108 111
CLOSE_PAREN (277) 4 5 6 15 17 21 22 24 26 27 28 29 30 31 33 35 36 37
    38 39 41 48 49 50 51 52 59 61 69 73 78 80 83 86 87 88 89 90 94
    95 96 97 98 99 100 101 102 103 105 106 111
REQUIREMENTS_TOK (278) 111
GREATER_OR_EQUAL_TOK (279) 46
LESS_THAN_OR_EQUAL_TOK (280) 47
INTVAL (281) 54 105 106
FLOATVAL (282) 55
PLUS_TOK (283) 37 50 88 97 98
MINUS_TOK (284) 35 36 48 49 86 87 95 96 107 108
MUL_TOK (285) 38 51 89 101 102
DIV_TOK (286) 39 52 90 99 100
GREATER_TOK (287) 43
LESS_THAN_TOK (288) 44
METRIC_TOK (289) 83
MINIMIZE_TOK (290) 84
MAXIMIZE_TOK (291) 85
LENGTH_TOK (292) 103
SERIAL_TOK (293) 105
PARALLEL_TOK (294) 106
TOTAL_TIME_TOK (295) 93
TIMED_EL_TOK (296) 21
UMINUS (297)


Simboli nonterminali e regole in cui appaiono

$accept (43)
    nel primo membro: 0
file (44)
    nel primo membro: 1 2, nel secondo membro: 0 2
problem_definition (45)
    nel primo membro: 4, nel secondo membro: 2
$@1 (46)
    nel primo membro: 3, nel secondo membro: 4
problem_name (47)
    nel primo membro: 5, nel secondo membro: 4
base_domain_name (48)
    nel primo membro: 6, nel secondo membro: 11
problem_defs (49)
    nel primo membro: 7 8 9 10 11 12 13 14, nel secondo membro: 4 8
    9 10 11
objects_def (50)
    nel primo membro: 15, nel secondo membro: 8
init_def (51)
    nel primo membro: 17, nel secondo membro: 9
$@2 (52)
    nel primo membro: 16, nel secondo membro: 17
init_el_plus (53)
    nel primo membro: 18 19, nel secondo membro: 17 19
init_el (54)
    nel primo membro: 20 21 22, nel secondo membro: 18 19
goal_def (55)
    nel primo membro: 24, nel secondo membro: 10
$@3 (56)
    nel primo membro: 23, nel secondo membro: 24
adl_goal_description (57)
    nel primo membro: 25 26 27 28 29 30 31 32, nel secondo membro:
    24 28 29 30 31 58
f_comp (58)
    nel primo membro: 33, nel secondo membro: 32
f_exp (59)
    nel primo membro: 34 35 36 37 38 39 40, nel secondo membro: 33
    35 36 37 38 39
f_head (60)
    nel primo membro: 41 42, nel secondo membro: 22 40 92
binary_comp (61)
    nel primo membro: 43 44 45 46 47, nel secondo membro: 33
num_exp (62)
    nel primo membro: 48 49 50 51 52 53, nel secondo membro: 22 34
    48 49 50 51 52 91 95 96 97 98 99 100 101 102
number (63)
    nel primo membro: 54 55, nel secondo membro: 21 53
function_symbol (64)
    nel primo membro: 56, nel secondo membro: 41 42
adl_goal_description_star (65)
    nel primo membro: 57 58, nel secondo membro: 26 27 58
literal_term (66)
    nel primo membro: 59 60, nel secondo membro: 25
atomic_formula_term (67)
    nel primo membro: 61, nel secondo membro: 59 60
term_star (68)
    nel primo membro: 62 63, nel secondo membro: 41 61 63
term (69)
    nel primo membro: 64 65, nel secondo membro: 63
name_plus (70)
    nel primo membro: 66 67, nel secondo membro: 67 69 73
typed_list_name (71)
    nel primo membro: 68 69 70 71, nel secondo membro: 15 69 70 71
typed_list_variable (72)
    nel primo membro: 72 73 74 75, nel secondo membro: 30 31 73 74
    75
predicate (73)
    nel primo membro: 76 77, nel secondo membro: 61 80
literal_name (74)
    nel primo membro: 78 79, nel secondo membro: 20 21
atomic_formula_name (75)
    nel primo membro: 80, nel secondo membro: 78 79
name_star (76)
    nel primo membro: 81 82, nel secondo membro: 80 82
metric_spec (77)
    nel primo membro: 83, nel secondo membro: 13
optimization (78)
    nel primo membro: 84 85, nel secondo membro: 83
ground_f_exp (79)
    nel primo membro: 86 87 88 89 90 91 92 93 94 95 96 97 98 99 100
    101 102, nel secondo membro: 83 86 87 88 89 90 94 95 96 97 98 99
    100 101 102
length_spec (80)
    nel primo membro: 103, nel secondo membro: 14
ser_par (81)
    nel primo membro: 104 105 106, nel secondo membro: 103
type (82)
    nel primo membro: 107, nel secondo membro: 70 74
either (83)
    nel primo membro: 108, nel secondo membro: 69 73
require_def (84)
    nel primo membro: 111, nel secondo membro: 12
$@4 (85)
    nel primo membro: 109, nel secondo membro: 111
$@5 (86)
    nel primo membro: 110, nel secondo membro: 111
require_key_star (87)
    nel primo membro: 112 114, nel secondo membro: 111 114
$@6 (88)
    nel primo membro: 113, nel secondo membro: 114


stato 0

    0 $accept: . file $end

    OPEN_PAREN  shift e prosecuzione allo stato 1

    $default  riduzione con la regola 1 (file)

    file                prosecuzione allo stato 2
    problem_definition  prosecuzione allo stato 3


stato 1

    4 problem_definition: OPEN_PAREN . DEFINE_TOK $@1 problem_name problem_defs CLOSE_PAREN

    DEFINE_TOK  shift e prosecuzione allo stato 4


stato 2

    0 $accept: file . $end

    $end  shift e prosecuzione allo stato 5


stato 3

    2 file: problem_definition . file

    OPEN_PAREN  shift e prosecuzione allo stato 1

    $default  riduzione con la regola 1 (file)

    file                prosecuzione allo stato 6
    problem_definition  prosecuzione allo stato 3


stato 4

    4 problem_definition: OPEN_PAREN DEFINE_TOK . $@1 problem_name problem_defs CLOSE_PAREN

    $default  riduzione con la regola 3 ($@1)

    $@1  prosecuzione allo stato 7


stato 5

    0 $accept: file $end .

    $default  accetta


stato 6

    2 file: problem_definition file .

    $default  riduzione con la regola 2 (file)


stato 7

    4 problem_definition: OPEN_PAREN DEFINE_TOK $@1 . problem_name problem_defs CLOSE_PAREN

    OPEN_PAREN  shift e prosecuzione allo stato 8

    problem_name  prosecuzione allo stato 9


stato 8

    5 problem_name: OPEN_PAREN . PROBLEM_TOK NAME CLOSE_PAREN

    PROBLEM_TOK  shift e prosecuzione allo stato 10


stato 9

    4 problem_definition: OPEN_PAREN DEFINE_TOK $@1 problem_name . problem_defs CLOSE_PAREN

    OPEN_PAREN  shift e prosecuzione allo stato 11

    $default  riduzione con la regola 7 (problem_defs)

    base_domain_name  prosecuzione allo stato 12
    problem_defs      prosecuzione allo stato 13
    objects_def       prosecuzione allo stato 14
    init_def          prosecuzione allo stato 15
    goal_def          prosecuzione allo stato 16
    metric_spec       prosecuzione allo stato 17
    length_spec       prosecuzione allo stato 18
    require_def       prosecuzione allo stato 19


stato 10

    5 problem_name: OPEN_PAREN PROBLEM_TOK . NAME CLOSE_PAREN

    NAME  shift e prosecuzione allo stato 20


stato 11

    6 base_domain_name: OPEN_PAREN . BDOMAIN_TOK NAME CLOSE_PAREN
   15 objects_def: OPEN_PAREN . OBJECTS_TOK typed_list_name CLOSE_PAREN
   17 init_def: OPEN_PAREN . INIT_TOK $@2 init_el_plus CLOSE_PAREN
   24 goal_def: OPEN_PAREN . GOAL_TOK $@3 adl_goal_description CLOSE_PAREN
   83 metric_spec: OPEN_PAREN . METRIC_TOK optimization ground_f_exp CLOSE_PAREN
  103 length_spec: OPEN_PAREN . LENGTH_TOK ser_par CLOSE_PAREN
  111 require_def: OPEN_PAREN . REQUIREMENTS_TOK $@4 NAME $@5 require_key_star CLOSE_PAREN

    OBJECTS_TOK       shift e prosecuzione allo stato 21
    BDOMAIN_TOK       shift e prosecuzione allo stato 22
    INIT_TOK          shift e prosecuzione allo stato 23
    GOAL_TOK          shift e prosecuzione allo stato 24
    REQUIREMENTS_TOK  shift e prosecuzione allo stato 25
    METRIC_TOK        shift e prosecuzione allo stato 26
    LENGTH_TOK        shift e prosecuzione allo stato 27


stato 12

   11 problem_defs: base_domain_name . problem_defs

    OPEN_PAREN  shift e prosecuzione allo stato 11

    $default  riduzione con la regola 7 (problem_defs)

    base_domain_name  prosecuzione allo stato 12
    problem_defs      prosecuzione allo stato 28
    objects_def       prosecuzione allo stato 14
    init_def          prosecuzione allo stato 15
    goal_def          prosecuzione allo stato 16
    metric_spec       prosecuzione allo stato 17
    length_spec       prosecuzione allo stato 18
    require_def       prosecuzione allo stato 19


stato 13

    4 problem_definition: OPEN_PAREN DEFINE_TOK $@1 problem_name problem_defs . CLOSE_PAREN

    CLOSE_PAREN  shift e prosecuzione allo stato 29


stato 14

    8 problem_defs: objects_def . problem_defs

    OPEN_PAREN  shift e prosecuzione allo stato 11

    $default  riduzione con la regola 7 (problem_defs)

    base_domain_name  prosecuzione allo stato 12
    problem_defs      prosecuzione allo stato 30
    objects_def       prosecuzione allo stato 14
    init_def          prosecuzione allo stato 15
    goal_def          prosecuzione allo stato 16
    metric_spec       prosecuzione allo stato 17
    length_spec       prosecuzione allo stato 18
    require_def       prosecuzione allo stato 19


stato 15

    9 problem_defs: init_def . problem_defs

    OPEN_PAREN  shift e prosecuzione allo stato 11

    $default  riduzione con la regola 7 (problem_defs)

    base_domain_name  prosecuzione allo stato 12
    problem_defs      prosecuzione allo stato 31
    objects_def       prosecuzione allo stato 14
    init_def          prosecuzione allo stato 15
    goal_def          prosecuzione allo stato 16
    metric_spec       prosecuzione allo stato 17
    length_spec       prosecuzione allo stato 18
    require_def       prosecuzione allo stato 19


stato 16

   10 problem_defs: goal_def . problem_defs

    OPEN_PAREN  shift e prosecuzione allo stato 11

    $default  riduzione con la regola 7 (problem_defs)

    base_domain_name  prosecuzione allo stato 12
    problem_defs      prosecuzione allo stato 32
    objects_def       prosecuzione allo stato 14
    init_def          prosecuzione allo stato 15
    goal_def          prosecuzione allo stato 16
    metric_spec       prosecuzione allo stato 17
    length_spec       prosecuzione allo stato 18
    require_def       prosecuzione allo stato 19


stato 17

   13 problem_defs: metric_spec .

    $default  riduzione con la regola 13 (problem_defs)


stato 18

   14 problem_defs: length_spec .

    $default  riduzione con la regola 14 (problem_defs)


stato 19

   12 problem_defs: require_def .

    $default  riduzione con la regola 12 (problem_defs)


stato 20

    5 problem_name: OPEN_PAREN PROBLEM_TOK NAME . CLOSE_PAREN

    CLOSE_PAREN  shift e prosecuzione allo stato 33


stato 21

   15 objects_def: OPEN_PAREN OBJECTS_TOK . typed_list_name CLOSE_PAREN

    NAME  shift e prosecuzione allo stato 34

    $default  riduzione con la regola 68 (typed_list_name)

    typed_list_name  prosecuzione allo stato 35


stato 22

    6 base_domain_name: OPEN_PAREN BDOMAIN_TOK . NAME CLOSE_PAREN

    NAME  shift e prosecuzione allo stato 36


stato 23

   17 init_def: OPEN_PAREN INIT_TOK . $@2 init_el_plus CLOSE_PAREN

    $default  riduzione con la regola 16 ($@2)

    $@2  prosecuzione allo stato 37


stato 24

   24 goal_def: OPEN_PAREN GOAL_TOK . $@3 adl_goal_description CLOSE_PAREN

    $default  riduzione con la regola 23 ($@3)

    $@3  prosecuzione allo stato 38


stato 25

  111 require_def: OPEN_PAREN REQUIREMENTS_TOK . $@4 NAME $@5 require_key_star CLOSE_PAREN

    $default  riduzione con la regola 109 ($@4)

    $@4  prosecuzione allo stato 39


stato 26

   83 metric_spec: OPEN_PAREN METRIC_TOK . optimization ground_f_exp CLOSE_PAREN

    MINIMIZE_TOK  shift e prosecuzione allo stato 40
    MAXIMIZE_TOK  shift e prosecuzione allo stato 41

    optimization  prosecuzione allo stato 42


stato 27

  103 length_spec: OPEN_PAREN LENGTH_TOK . ser_par CLOSE_PAREN

    OPEN_PAREN  shift e prosecuzione allo stato 43

    $default  riduzione con la regola 104 (ser_par)

    ser_par  prosecuzione allo stato 44


stato 28

   11 problem_defs: base_domain_name problem_defs .

    $default  riduzione con la regola 11 (problem_defs)


stato 29

    4 problem_definition: OPEN_PAREN DEFINE_TOK $@1 problem_name problem_defs CLOSE_PAREN .

    $default  riduzione con la regola 4 (problem_definition)


stato 30

    8 problem_defs: objects_def problem_defs .

    $default  riduzione con la regola 8 (problem_defs)


stato 31

    9 problem_defs: init_def problem_defs .

    $default  riduzione con la regola 9 (problem_defs)


stato 32

   10 problem_defs: goal_def problem_defs .

    $default  riduzione con la regola 10 (problem_defs)


stato 33

    5 problem_name: OPEN_PAREN PROBLEM_TOK NAME CLOSE_PAREN .

    $default  riduzione con la regola 5 (problem_name)


stato 34

   69 typed_list_name: NAME . either name_plus CLOSE_PAREN typed_list_name
   70                | NAME . type typed_list_name
   71                | NAME . typed_list_name

    NAME       shift e prosecuzione allo stato 34
    MINUS_TOK  shift e prosecuzione allo stato 45

    $default  riduzione con la regola 68 (typed_list_name)

    typed_list_name  prosecuzione allo stato 46
    type             prosecuzione allo stato 47
    either           prosecuzione allo stato 48


stato 35

   15 objects_def: OPEN_PAREN OBJECTS_TOK typed_list_name . CLOSE_PAREN

    CLOSE_PAREN  shift e prosecuzione allo stato 49


stato 36

    6 base_domain_name: OPEN_PAREN BDOMAIN_TOK NAME . CLOSE_PAREN

    CLOSE_PAREN  shift e prosecuzione allo stato 50


stato 37

   17 init_def: OPEN_PAREN INIT_TOK $@2 . init_el_plus CLOSE_PAREN

    OPEN_PAREN  shift e prosecuzione allo stato 51

    init_el_plus         prosecuzione allo stato 52
    init_el              prosecuzione allo stato 53
    literal_name         prosecuzione allo stato 54
    atomic_formula_name  prosecuzione allo stato 55


stato 38

   24 goal_def: OPEN_PAREN GOAL_TOK $@3 . adl_goal_description CLOSE_PAREN

    OPEN_PAREN  shift e prosecuzione allo stato 56

    adl_goal_description  prosecuzione allo stato 57
    f_comp                prosecuzione allo stato 58
    literal_term          prosecuzione allo stato 59
    atomic_formula_term   prosecuzione allo stato 60


stato 39

  111 require_def: OPEN_PAREN REQUIREMENTS_TOK $@4 . NAME $@5 require_key_star CLOSE_PAREN

    NAME  shift e prosecuzione allo stato 61


stato 40

   84 optimization: MINIMIZE_TOK .

    $default  riduzione con la regola 84 (optimization)


stato 41

   85 optimization: MAXIMIZE_TOK .

    $default  riduzione con la regola 85 (optimization)


stato 42

   83 metric_spec: OPEN_PAREN METRIC_TOK optimization . ground_f_exp CLOSE_PAREN

    NAME            shift e prosecuzione allo stato 62
    OPEN_PAREN      shift e prosecuzione allo stato 63
    INTVAL          shift e prosecuzione allo stato 64
    FLOATVAL        shift e prosecuzione allo stato 65
    TOTAL_TIME_TOK  shift e prosecuzione allo stato 66

    f_head           prosecuzione allo stato 67
    num_exp          prosecuzione allo stato 68
    number           prosecuzione allo stato 69
    function_symbol  prosecuzione allo stato 70
    ground_f_exp     prosecuzione allo stato 71


stato 43

  105 ser_par: OPEN_PAREN . SERIAL_TOK INTVAL CLOSE_PAREN
  106        | OPEN_PAREN . PARALLEL_TOK INTVAL CLOSE_PAREN

    SERIAL_TOK    shift e prosecuzione allo stato 72
    PARALLEL_TOK  shift e prosecuzione allo stato 73


stato 44

  103 length_spec: OPEN_PAREN LENGTH_TOK ser_par . CLOSE_PAREN

    CLOSE_PAREN  shift e prosecuzione allo stato 74


stato 45

  107 type: MINUS_TOK . NAME
  108 either: MINUS_TOK . OPEN_PAREN EITHER_TOK

    NAME        shift e prosecuzione allo stato 75
    OPEN_PAREN  shift e prosecuzione allo stato 76


stato 46

   71 typed_list_name: NAME typed_list_name .

    $default  riduzione con la regola 71 (typed_list_name)


stato 47

   70 typed_list_name: NAME type . typed_list_name

    NAME  shift e prosecuzione allo stato 34

    $default  riduzione con la regola 68 (typed_list_name)

    typed_list_name  prosecuzione allo stato 77


stato 48

   69 typed_list_name: NAME either . name_plus CLOSE_PAREN typed_list_name

    NAME  shift e prosecuzione allo stato 78

    name_plus  prosecuzione allo stato 79


stato 49

   15 objects_def: OPEN_PAREN OBJECTS_TOK typed_list_name CLOSE_PAREN .

    $default  riduzione con la regola 15 (objects_def)


stato 50

    6 base_domain_name: OPEN_PAREN BDOMAIN_TOK NAME CLOSE_PAREN .

    $default  riduzione con la regola 6 (base_domain_name)


stato 51

   21 init_el: OPEN_PAREN . TIMED_EL_TOK number literal_name CLOSE_PAREN
   22        | OPEN_PAREN . EQUAL_TOK f_head num_exp CLOSE_PAREN
   78 literal_name: OPEN_PAREN . NOT_TOK atomic_formula_name CLOSE_PAREN
   80 atomic_formula_name: OPEN_PAREN . predicate name_star CLOSE_PAREN

    NOT_TOK       shift e prosecuzione allo stato 80
    NAME          shift e prosecuzione allo stato 81
    EQUAL_TOK     shift e prosecuzione allo stato 82
    TIMED_EL_TOK  shift e prosecuzione allo stato 83

    predicate  prosecuzione allo stato 84


stato 52

   17 init_def: OPEN_PAREN INIT_TOK $@2 init_el_plus . CLOSE_PAREN

    CLOSE_PAREN  shift e prosecuzione allo stato 85


stato 53

   18 init_el_plus: init_el .
   19             | init_el . init_el_plus

    OPEN_PAREN  shift e prosecuzione allo stato 51

    $default  riduzione con la regola 18 (init_el_plus)

    init_el_plus         prosecuzione allo stato 86
    init_el              prosecuzione allo stato 53
    literal_name         prosecuzione allo stato 54
    atomic_formula_name  prosecuzione allo stato 55


stato 54

   20 init_el: literal_name .

    $default  riduzione con la regola 20 (init_el)


stato 55

   79 literal_name: atomic_formula_name .

    $default  riduzione con la regola 79 (literal_name)


stato 56

   26 adl_goal_description: OPEN_PAREN . AND_TOK adl_goal_description_star CLOSE_PAREN
   27                     | OPEN_PAREN . OR_TOK adl_goal_description_star CLOSE_PAREN
   28                     | OPEN_PAREN . NOT_TOK adl_goal_description CLOSE_PAREN
   29                     | OPEN_PAREN . IMPLY_TOK adl_goal_description adl_goal_description CLOSE_PAREN
   30                     | OPEN_PAREN . EXISTS_TOK OPEN_PAREN typed_list_variable CLOSE_PAREN adl_goal_description CLOSE_PAREN
   31                     | OPEN_PAREN . FORALL_TOK OPEN_PAREN typed_list_variable CLOSE_PAREN adl_goal_description CLOSE_PAREN
   33 f_comp: OPEN_PAREN . binary_comp f_exp f_exp CLOSE_PAREN
   59 literal_term: OPEN_PAREN . NOT_TOK atomic_formula_term CLOSE_PAREN
   61 atomic_formula_term: OPEN_PAREN . predicate term_star CLOSE_PAREN

    AND_TOK                 shift e prosecuzione allo stato 87
    NOT_TOK                 shift e prosecuzione allo stato 88
    NAME                    shift e prosecuzione allo stato 81
    EQUAL_TOK               shift e prosecuzione allo stato 89
    FORALL_TOK              shift e prosecuzione allo stato 90
    IMPLY_TOK               shift e prosecuzione allo stato 91
    OR_TOK                  shift e prosecuzione allo stato 92
    EXISTS_TOK              shift e prosecuzione allo stato 93
    GREATER_OR_EQUAL_TOK    shift e prosecuzione allo stato 94
    LESS_THAN_OR_EQUAL_TOK  shift e prosecuzione allo stato 95
    GREATER_TOK             shift e prosecuzione allo stato 96
    LESS_THAN_TOK           shift e prosecuzione allo stato 97

    binary_comp  prosecuzione allo stato 98
    predicate    prosecuzione allo stato 99


stato 57

   24 goal_def: OPEN_PAREN GOAL_TOK $@3 adl_goal_description . CLOSE_PAREN

    CLOSE_PAREN  shift e prosecuzione allo stato 100


stato 58

   32 adl_goal_description: f_comp .

    $default  riduzione con la regola 32 (adl_goal_description)


stato 59

   25 adl_goal_description: literal_term .

    $default  riduzione con la regola 25 (adl_goal_description)


stato 60

   60 literal_term: atomic_formula_term .

    $default  riduzione con la regola 60 (literal_term)


stato 61

  111 require_def: OPEN_PAREN REQUIREMENTS_TOK $@4 NAME . $@5 require_key_star CLOSE_PAREN

    $default  riduzione con la regola 110 ($@5)

    $@5  prosecuzione allo stato 101


stato 62

   56 function_symbol: NAME .

    $default  riduzione con la regola 56 (function_symbol)


stato 63

   41 f_head: OPEN_PAREN . function_symbol term_star CLOSE_PAREN
   48 num_exp: OPEN_PAREN . MINUS_TOK num_exp CLOSE_PAREN
   49        | OPEN_PAREN . MINUS_TOK num_exp num_exp CLOSE_PAREN
   50        | OPEN_PAREN . PLUS_TOK num_exp num_exp CLOSE_PAREN
   51        | OPEN_PAREN . MUL_TOK num_exp num_exp CLOSE_PAREN
   52        | OPEN_PAREN . DIV_TOK num_exp num_exp CLOSE_PAREN
   86 ground_f_exp: OPEN_PAREN . MINUS_TOK ground_f_exp CLOSE_PAREN
   87             | OPEN_PAREN . MINUS_TOK ground_f_exp ground_f_exp CLOSE_PAREN
   88             | OPEN_PAREN . PLUS_TOK ground_f_exp ground_f_exp CLOSE_PAREN
   89             | OPEN_PAREN . MUL_TOK ground_f_exp ground_f_exp CLOSE_PAREN
   90             | OPEN_PAREN . DIV_TOK ground_f_exp ground_f_exp CLOSE_PAREN
   94             | OPEN_PAREN . ground_f_exp CLOSE_PAREN
   95             | OPEN_PAREN . MINUS_TOK num_exp ground_f_exp CLOSE_PAREN
   96             | OPEN_PAREN . MINUS_TOK ground_f_exp num_exp CLOSE_PAREN
   97             | OPEN_PAREN . PLUS_TOK num_exp ground_f_exp CLOSE_PAREN
   98             | OPEN_PAREN . PLUS_TOK ground_f_exp num_exp CLOSE_PAREN
   99             | OPEN_PAREN . DIV_TOK num_exp ground_f_exp CLOSE_PAREN
  100             | OPEN_PAREN . DIV_TOK ground_f_exp num_exp CLOSE_PAREN
  101             | OPEN_PAREN . MUL_TOK num_exp ground_f_exp CLOSE_PAREN
  102             | OPEN_PAREN . MUL_TOK ground_f_exp num_exp CLOSE_PAREN

    NAME            shift e prosecuzione allo stato 62
    OPEN_PAREN      shift e prosecuzione allo stato 63
    INTVAL          shift e prosecuzione allo stato 64
    FLOATVAL        shift e prosecuzione allo stato 65
    PLUS_TOK        shift e prosecuzione allo stato 102
    MINUS_TOK       shift e prosecuzione allo stato 103
    MUL_TOK         shift e prosecuzione allo stato 104
    DIV_TOK         shift e prosecuzione allo stato 105
    TOTAL_TIME_TOK  shift e prosecuzione allo stato 66

    f_head           prosecuzione allo stato 67
    num_exp          prosecuzione allo stato 68
    number           prosecuzione allo stato 69
    function_symbol  prosecuzione allo stato 106
    ground_f_exp     prosecuzione allo stato 107


stato 64

   54 number: INTVAL .

    $default  riduzione con la regola 54 (number)


stato 65

   55 number: FLOATVAL .

    $default  riduzione con la regola 55 (number)


stato 66

   93 ground_f_exp: TOTAL_TIME_TOK .

    $default  riduzione con la regola 93 (ground_f_exp)


stato 67

   92 ground_f_exp: f_head .

    $default  riduzione con la regola 92 (ground_f_exp)


stato 68

   91 ground_f_exp: num_exp .

    $default  riduzione con la regola 91 (ground_f_exp)


stato 69

   53 num_exp: number .

    $default  riduzione con la regola 53 (num_exp)


stato 70

   42 f_head: function_symbol .

    $default  riduzione con la regola 42 (f_head)


stato 71

   83 metric_spec: OPEN_PAREN METRIC_TOK optimization ground_f_exp . CLOSE_PAREN

    CLOSE_PAREN  shift e prosecuzione allo stato 108


stato 72

  105 ser_par: OPEN_PAREN SERIAL_TOK . INTVAL CLOSE_PAREN

    INTVAL  shift e prosecuzione allo stato 109


stato 73

  106 ser_par: OPEN_PAREN PARALLEL_TOK . INTVAL CLOSE_PAREN

    INTVAL  shift e prosecuzione allo stato 110


stato 74

  103 length_spec: OPEN_PAREN LENGTH_TOK ser_par CLOSE_PAREN .

    $default  riduzione con la regola 103 (length_spec)


stato 75

  107 type: MINUS_TOK NAME .

    $default  riduzione con la regola 107 (type)


stato 76

  108 either: MINUS_TOK OPEN_PAREN . EITHER_TOK

    EITHER_TOK  shift e prosecuzione allo stato 111


stato 77

   70 typed_list_name: NAME type typed_list_name .

    $default  riduzione con la regola 70 (typed_list_name)


stato 78

   66 name_plus: NAME .
   67          | NAME . name_plus

    NAME  shift e prosecuzione allo stato 78

    $default  riduzione con la regola 66 (name_plus)

    name_plus  prosecuzione allo stato 112


stato 79

   69 typed_list_name: NAME either name_plus . CLOSE_PAREN typed_list_name

    CLOSE_PAREN  shift e prosecuzione allo stato 113


stato 80

   78 literal_name: OPEN_PAREN NOT_TOK . atomic_formula_name CLOSE_PAREN

    OPEN_PAREN  shift e prosecuzione allo stato 114

    atomic_formula_name  prosecuzione allo stato 115


stato 81

   76 predicate: NAME .

    $default  riduzione con la regola 76 (predicate)


stato 82

   22 init_el: OPEN_PAREN EQUAL_TOK . f_head num_exp CLOSE_PAREN
   77 predicate: EQUAL_TOK .

    NAME        shift e prosecuzione allo stato 62
    OPEN_PAREN  shift e prosecuzione allo stato 116

    NAME      [riduzione con la regola 77 (predicate)]
    $default  riduzione con la regola 77 (predicate)

    f_head           prosecuzione allo stato 117
    function_symbol  prosecuzione allo stato 70


stato 83

   21 init_el: OPEN_PAREN TIMED_EL_TOK . number literal_name CLOSE_PAREN

    INTVAL    shift e prosecuzione allo stato 64
    FLOATVAL  shift e prosecuzione allo stato 65

    number  prosecuzione allo stato 118


stato 84

   80 atomic_formula_name: OPEN_PAREN predicate . name_star CLOSE_PAREN

    NAME  shift e prosecuzione allo stato 119

    $default  riduzione con la regola 81 (name_star)

    name_star  prosecuzione allo stato 120


stato 85

   17 init_def: OPEN_PAREN INIT_TOK $@2 init_el_plus CLOSE_PAREN .

    $default  riduzione con la regola 17 (init_def)


stato 86

   19 init_el_plus: init_el init_el_plus .

    $default  riduzione con la regola 19 (init_el_plus)


stato 87

   26 adl_goal_description: OPEN_PAREN AND_TOK . adl_goal_description_star CLOSE_PAREN

    OPEN_PAREN  shift e prosecuzione allo stato 56

    $default  riduzione con la regola 57 (adl_goal_description_star)

    adl_goal_description       prosecuzione allo stato 121
    f_comp                     prosecuzione allo stato 58
    adl_goal_description_star  prosecuzione allo stato 122
    literal_term               prosecuzione allo stato 59
    atomic_formula_term        prosecuzione allo stato 60


stato 88

   28 adl_goal_description: OPEN_PAREN NOT_TOK . adl_goal_description CLOSE_PAREN
   59 literal_term: OPEN_PAREN NOT_TOK . atomic_formula_term CLOSE_PAREN

    OPEN_PAREN  shift e prosecuzione allo stato 56

    adl_goal_description  prosecuzione allo stato 123
    f_comp                prosecuzione allo stato 58
    literal_term          prosecuzione allo stato 59
    atomic_formula_term   prosecuzione allo stato 124


stato 89

   45 binary_comp: EQUAL_TOK .
   77 predicate: EQUAL_TOK .

    NAME         riduzione con la regola 45 (binary_comp)
    NAME         [riduzione con la regola 77 (predicate)]
    VARIABLE     riduzione con la regola 77 (predicate)
    CLOSE_PAREN  riduzione con la regola 77 (predicate)
    $default     riduzione con la regola 45 (binary_comp)


stato 90

   31 adl_goal_description: OPEN_PAREN FORALL_TOK . OPEN_PAREN typed_list_variable CLOSE_PAREN adl_goal_description CLOSE_PAREN

    OPEN_PAREN  shift e prosecuzione allo stato 125


stato 91

   29 adl_goal_description: OPEN_PAREN IMPLY_TOK . adl_goal_description adl_goal_description CLOSE_PAREN

    OPEN_PAREN  shift e prosecuzione allo stato 56

    adl_goal_description  prosecuzione allo stato 126
    f_comp                prosecuzione allo stato 58
    literal_term          prosecuzione allo stato 59
    atomic_formula_term   prosecuzione allo stato 60


stato 92

   27 adl_goal_description: OPEN_PAREN OR_TOK . adl_goal_description_star CLOSE_PAREN

    OPEN_PAREN  shift e prosecuzione allo stato 56

    $default  riduzione con la regola 57 (adl_goal_description_star)

    adl_goal_description       prosecuzione allo stato 121
    f_comp                     prosecuzione allo stato 58
    adl_goal_description_star  prosecuzione allo stato 127
    literal_term               prosecuzione allo stato 59
    atomic_formula_term        prosecuzione allo stato 60


stato 93

   30 adl_goal_description: OPEN_PAREN EXISTS_TOK . OPEN_PAREN typed_list_variable CLOSE_PAREN adl_goal_description CLOSE_PAREN

    OPEN_PAREN  shift e prosecuzione allo stato 128


stato 94

   46 binary_comp: GREATER_OR_EQUAL_TOK .

    $default  riduzione con la regola 46 (binary_comp)


stato 95

   47 binary_comp: LESS_THAN_OR_EQUAL_TOK .

    $default  riduzione con la regola 47 (binary_comp)


stato 96

   43 binary_comp: GREATER_TOK .

    $default  riduzione con la regola 43 (binary_comp)


stato 97

   44 binary_comp: LESS_THAN_TOK .

    $default  riduzione con la regola 44 (binary_comp)


stato 98

   33 f_comp: OPEN_PAREN binary_comp . f_exp f_exp CLOSE_PAREN

    NAME        shift e prosecuzione allo stato 62
    OPEN_PAREN  shift e prosecuzione allo stato 129
    INTVAL      shift e prosecuzione allo stato 64
    FLOATVAL    shift e prosecuzione allo stato 65

    f_exp            prosecuzione allo stato 130
    f_head           prosecuzione allo stato 131
    num_exp          prosecuzione allo stato 132
    number           prosecuzione allo stato 69
    function_symbol  prosecuzione allo stato 70


stato 99

   61 atomic_formula_term: OPEN_PAREN predicate . term_star CLOSE_PAREN

    NAME      shift e prosecuzione allo stato 133
    VARIABLE  shift e prosecuzione allo stato 134

    $default  riduzione con la regola 62 (term_star)

    term_star  prosecuzione allo stato 135
    term       prosecuzione allo stato 136


stato 100

   24 goal_def: OPEN_PAREN GOAL_TOK $@3 adl_goal_description CLOSE_PAREN .

    $default  riduzione con la regola 24 (goal_def)


stato 101

  111 require_def: OPEN_PAREN REQUIREMENTS_TOK $@4 NAME $@5 . require_key_star CLOSE_PAREN

    NAME  shift e prosecuzione allo stato 137

    $default  riduzione con la regola 112 (require_key_star)

    require_key_star  prosecuzione allo stato 138


stato 102

   50 num_exp: OPEN_PAREN PLUS_TOK . num_exp num_exp CLOSE_PAREN
   88 ground_f_exp: OPEN_PAREN PLUS_TOK . ground_f_exp ground_f_exp CLOSE_PAREN
   97             | OPEN_PAREN PLUS_TOK . num_exp ground_f_exp CLOSE_PAREN
   98             | OPEN_PAREN PLUS_TOK . ground_f_exp num_exp CLOSE_PAREN

    NAME            shift e prosecuzione allo stato 62
    OPEN_PAREN      shift e prosecuzione allo stato 63
    INTVAL          shift e prosecuzione allo stato 64
    FLOATVAL        shift e prosecuzione allo stato 65
    TOTAL_TIME_TOK  shift e prosecuzione allo stato 66

    f_head           prosecuzione allo stato 67
    num_exp          prosecuzione allo stato 139
    number           prosecuzione allo stato 69
    function_symbol  prosecuzione allo stato 70
    ground_f_exp     prosecuzione allo stato 140


stato 103

   48 num_exp: OPEN_PAREN MINUS_TOK . num_exp CLOSE_PAREN
   49        | OPEN_PAREN MINUS_TOK . num_exp num_exp CLOSE_PAREN
   86 ground_f_exp: OPEN_PAREN MINUS_TOK . ground_f_exp CLOSE_PAREN
   87             | OPEN_PAREN MINUS_TOK . ground_f_exp ground_f_exp CLOSE_PAREN
   95             | OPEN_PAREN MINUS_TOK . num_exp ground_f_exp CLOSE_PAREN
   96             | OPEN_PAREN MINUS_TOK . ground_f_exp num_exp CLOSE_PAREN

    NAME            shift e prosecuzione allo stato 62
    OPEN_PAREN      shift e prosecuzione allo stato 63
    INTVAL          shift e prosecuzione allo stato 64
    FLOATVAL        shift e prosecuzione allo stato 65
    TOTAL_TIME_TOK  shift e prosecuzione allo stato 66

    f_head           prosecuzione allo stato 67
    num_exp          prosecuzione allo stato 141
    number           prosecuzione allo stato 69
    function_symbol  prosecuzione allo stato 70
    ground_f_exp     prosecuzione allo stato 142


stato 104

   51 num_exp: OPEN_PAREN MUL_TOK . num_exp num_exp CLOSE_PAREN
   89 ground_f_exp: OPEN_PAREN MUL_TOK . ground_f_exp ground_f_exp CLOSE_PAREN
  101             | OPEN_PAREN MUL_TOK . num_exp ground_f_exp CLOSE_PAREN
  102             | OPEN_PAREN MUL_TOK . ground_f_exp num_exp CLOSE_PAREN

    NAME            shift e prosecuzione allo stato 62
    OPEN_PAREN      shift e prosecuzione allo stato 63
    INTVAL          shift e prosecuzione allo stato 64
    FLOATVAL        shift e prosecuzione allo stato 65
    TOTAL_TIME_TOK  shift e prosecuzione allo stato 66

    f_head           prosecuzione allo stato 67
    num_exp          prosecuzione allo stato 143
    number           prosecuzione allo stato 69
    function_symbol  prosecuzione allo stato 70
    ground_f_exp     prosecuzione allo stato 144


stato 105

   52 num_exp: OPEN_PAREN DIV_TOK . num_exp num_exp CLOSE_PAREN
   90 ground_f_exp: OPEN_PAREN DIV_TOK . ground_f_exp ground_f_exp CLOSE_PAREN
   99             | OPEN_PAREN DIV_TOK . num_exp ground_f_exp CLOSE_PAREN
  100             | OPEN_PAREN DIV_TOK . ground_f_exp num_exp CLOSE_PAREN

    NAME            shift e prosecuzione allo stato 62
    OPEN_PAREN      shift e prosecuzione allo stato 63
    INTVAL          shift e prosecuzione allo stato 64
    FLOATVAL        shift e prosecuzione allo stato 65
    TOTAL_TIME_TOK  shift e prosecuzione allo stato 66

    f_head           prosecuzione allo stato 67
    num_exp          prosecuzione allo stato 145
    number           prosecuzione allo stato 69
    function_symbol  prosecuzione allo stato 70
    ground_f_exp     prosecuzione allo stato 146


stato 106

   41 f_head: OPEN_PAREN function_symbol . term_star CLOSE_PAREN
   42       | function_symbol .

    NAME      shift e prosecuzione allo stato 133
    VARIABLE  shift e prosecuzione allo stato 134

    CLOSE_PAREN  riduzione con la regola 42 (f_head)
    CLOSE_PAREN  [riduzione con la regola 62 (term_star)]
    $default     riduzione con la regola 42 (f_head)

    term_star  prosecuzione allo stato 147
    term       prosecuzione allo stato 136


stato 107

   94 ground_f_exp: OPEN_PAREN ground_f_exp . CLOSE_PAREN

    CLOSE_PAREN  shift e prosecuzione allo stato 148


stato 108

   83 metric_spec: OPEN_PAREN METRIC_TOK optimization ground_f_exp CLOSE_PAREN .

    $default  riduzione con la regola 83 (metric_spec)


stato 109

  105 ser_par: OPEN_PAREN SERIAL_TOK INTVAL . CLOSE_PAREN

    CLOSE_PAREN  shift e prosecuzione allo stato 149


stato 110

  106 ser_par: OPEN_PAREN PARALLEL_TOK INTVAL . CLOSE_PAREN

    CLOSE_PAREN  shift e prosecuzione allo stato 150


stato 111

  108 either: MINUS_TOK OPEN_PAREN EITHER_TOK .

    $default  riduzione con la regola 108 (either)


stato 112

   67 name_plus: NAME name_plus .

    $default  riduzione con la regola 67 (name_plus)


stato 113

   69 typed_list_name: NAME either name_plus CLOSE_PAREN . typed_list_name

    NAME  shift e prosecuzione allo stato 34

    $default  riduzione con la regola 68 (typed_list_name)

    typed_list_name  prosecuzione allo stato 151


stato 114

   80 atomic_formula_name: OPEN_PAREN . predicate name_star CLOSE_PAREN

    NAME       shift e prosecuzione allo stato 81
    EQUAL_TOK  shift e prosecuzione allo stato 152

    predicate  prosecuzione allo stato 84


stato 115

   78 literal_name: OPEN_PAREN NOT_TOK atomic_formula_name . CLOSE_PAREN

    CLOSE_PAREN  shift e prosecuzione allo stato 153


stato 116

   41 f_head: OPEN_PAREN . function_symbol term_star CLOSE_PAREN

    NAME  shift e prosecuzione allo stato 62

    function_symbol  prosecuzione allo stato 154


stato 117

   22 init_el: OPEN_PAREN EQUAL_TOK f_head . num_exp CLOSE_PAREN

    OPEN_PAREN  shift e prosecuzione allo stato 155
    INTVAL      shift e prosecuzione allo stato 64
    FLOATVAL    shift e prosecuzione allo stato 65

    num_exp  prosecuzione allo stato 156
    number   prosecuzione allo stato 69


stato 118

   21 init_el: OPEN_PAREN TIMED_EL_TOK number . literal_name CLOSE_PAREN

    OPEN_PAREN  shift e prosecuzione allo stato 157

    literal_name         prosecuzione allo stato 158
    atomic_formula_name  prosecuzione allo stato 55


stato 119

   82 name_star: NAME . name_star

    NAME  shift e prosecuzione allo stato 119

    $default  riduzione con la regola 81 (name_star)

    name_star  prosecuzione allo stato 159


stato 120

   80 atomic_formula_name: OPEN_PAREN predicate name_star . CLOSE_PAREN

    CLOSE_PAREN  shift e prosecuzione allo stato 160


stato 121

   58 adl_goal_description_star: adl_goal_description . adl_goal_description_star

    OPEN_PAREN  shift e prosecuzione allo stato 56

    $default  riduzione con la regola 57 (adl_goal_description_star)

    adl_goal_description       prosecuzione allo stato 121
    f_comp                     prosecuzione allo stato 58
    adl_goal_description_star  prosecuzione allo stato 161
    literal_term               prosecuzione allo stato 59
    atomic_formula_term        prosecuzione allo stato 60


stato 122

   26 adl_goal_description: OPEN_PAREN AND_TOK adl_goal_description_star . CLOSE_PAREN

    CLOSE_PAREN  shift e prosecuzione allo stato 162


stato 123

   28 adl_goal_description: OPEN_PAREN NOT_TOK adl_goal_description . CLOSE_PAREN

    CLOSE_PAREN  shift e prosecuzione allo stato 163


stato 124

   59 literal_term: OPEN_PAREN NOT_TOK atomic_formula_term . CLOSE_PAREN
   60             | atomic_formula_term .

    CLOSE_PAREN  shift e prosecuzione allo stato 164

    CLOSE_PAREN  [riduzione con la regola 60 (literal_term)]


stato 125

   31 adl_goal_description: OPEN_PAREN FORALL_TOK OPEN_PAREN . typed_list_variable CLOSE_PAREN adl_goal_description CLOSE_PAREN

    VARIABLE  shift e prosecuzione allo stato 165

    $default  riduzione con la regola 72 (typed_list_variable)

    typed_list_variable  prosecuzione allo stato 166


stato 126

   29 adl_goal_description: OPEN_PAREN IMPLY_TOK adl_goal_description . adl_goal_description CLOSE_PAREN

    OPEN_PAREN  shift e prosecuzione allo stato 56

    adl_goal_description  prosecuzione allo stato 167
    f_comp                prosecuzione allo stato 58
    literal_term          prosecuzione allo stato 59
    atomic_formula_term   prosecuzione allo stato 60


stato 127

   27 adl_goal_description: OPEN_PAREN OR_TOK adl_goal_description_star . CLOSE_PAREN

    CLOSE_PAREN  shift e prosecuzione allo stato 168


stato 128

   30 adl_goal_description: OPEN_PAREN EXISTS_TOK OPEN_PAREN . typed_list_variable CLOSE_PAREN adl_goal_description CLOSE_PAREN

    VARIABLE  shift e prosecuzione allo stato 165

    $default  riduzione con la regola 72 (typed_list_variable)

    typed_list_variable  prosecuzione allo stato 169


stato 129

   35 f_exp: OPEN_PAREN . MINUS_TOK f_exp CLOSE_PAREN
   36      | OPEN_PAREN . MINUS_TOK f_exp f_exp CLOSE_PAREN
   37      | OPEN_PAREN . PLUS_TOK f_exp f_exp CLOSE_PAREN
   38      | OPEN_PAREN . MUL_TOK f_exp f_exp CLOSE_PAREN
   39      | OPEN_PAREN . DIV_TOK f_exp f_exp CLOSE_PAREN
   41 f_head: OPEN_PAREN . function_symbol term_star CLOSE_PAREN
   48 num_exp: OPEN_PAREN . MINUS_TOK num_exp CLOSE_PAREN
   49        | OPEN_PAREN . MINUS_TOK num_exp num_exp CLOSE_PAREN
   50        | OPEN_PAREN . PLUS_TOK num_exp num_exp CLOSE_PAREN
   51        | OPEN_PAREN . MUL_TOK num_exp num_exp CLOSE_PAREN
   52        | OPEN_PAREN . DIV_TOK num_exp num_exp CLOSE_PAREN

    NAME       shift e prosecuzione allo stato 62
    PLUS_TOK   shift e prosecuzione allo stato 170
    MINUS_TOK  shift e prosecuzione allo stato 171
    MUL_TOK    shift e prosecuzione allo stato 172
    DIV_TOK    shift e prosecuzione allo stato 173

    function_symbol  prosecuzione allo stato 154


stato 130

   33 f_comp: OPEN_PAREN binary_comp f_exp . f_exp CLOSE_PAREN

    NAME        shift e prosecuzione allo stato 62
    OPEN_PAREN  shift e prosecuzione allo stato 129
    INTVAL      shift e prosecuzione allo stato 64
    FLOATVAL    shift e prosecuzione allo stato 65

    f_exp            prosecuzione allo stato 174
    f_head           prosecuzione allo stato 131
    num_exp          prosecuzione allo stato 132
    number           prosecuzione allo stato 69
    function_symbol  prosecuzione allo stato 70


stato 131

   40 f_exp: f_head .

    $default  riduzione con la regola 40 (f_exp)


stato 132

   34 f_exp: num_exp .

    $default  riduzione con la regola 34 (f_exp)


stato 133

   64 term: NAME .

    $default  riduzione con la regola 64 (term)


stato 134

   65 term: VARIABLE .

    $default  riduzione con la regola 65 (term)


stato 135

   61 atomic_formula_term: OPEN_PAREN predicate term_star . CLOSE_PAREN

    CLOSE_PAREN  shift e prosecuzione allo stato 175


stato 136

   63 term_star: term . term_star

    NAME      shift e prosecuzione allo stato 133
    VARIABLE  shift e prosecuzione allo stato 134

    $default  riduzione con la regola 62 (term_star)

    term_star  prosecuzione allo stato 176
    term       prosecuzione allo stato 136


stato 137

  114 require_key_star: NAME . $@6 require_key_star

    $default  riduzione con la regola 113 ($@6)

    $@6  prosecuzione allo stato 177


stato 138

  111 require_def: OPEN_PAREN REQUIREMENTS_TOK $@4 NAME $@5 require_key_star . CLOSE_PAREN

    CLOSE_PAREN  shift e prosecuzione allo stato 178


stato 139

   50 num_exp: OPEN_PAREN PLUS_TOK num_exp . num_exp CLOSE_PAREN
   91 ground_f_exp: num_exp .
   97             | OPEN_PAREN PLUS_TOK num_exp . ground_f_exp CLOSE_PAREN

    NAME            shift e prosecuzione allo stato 62
    OPEN_PAREN      shift e prosecuzione allo stato 63
    INTVAL          shift e prosecuzione allo stato 64
    FLOATVAL        shift e prosecuzione allo stato 65
    TOTAL_TIME_TOK  shift e prosecuzione allo stato 66

    NAME            [riduzione con la regola 91 (ground_f_exp)]
    OPEN_PAREN      [riduzione con la regola 91 (ground_f_exp)]
    INTVAL          [riduzione con la regola 91 (ground_f_exp)]
    FLOATVAL        [riduzione con la regola 91 (ground_f_exp)]
    TOTAL_TIME_TOK  [riduzione con la regola 91 (ground_f_exp)]

    f_head           prosecuzione allo stato 67
    num_exp          prosecuzione allo stato 179
    number           prosecuzione allo stato 69
    function_symbol  prosecuzione allo stato 70
    ground_f_exp     prosecuzione allo stato 180


stato 140

   88 ground_f_exp: OPEN_PAREN PLUS_TOK ground_f_exp . ground_f_exp CLOSE_PAREN
   98             | OPEN_PAREN PLUS_TOK ground_f_exp . num_exp CLOSE_PAREN

    NAME            shift e prosecuzione allo stato 62
    OPEN_PAREN      shift e prosecuzione allo stato 63
    INTVAL          shift e prosecuzione allo stato 64
    FLOATVAL        shift e prosecuzione allo stato 65
    TOTAL_TIME_TOK  shift e prosecuzione allo stato 66

    f_head           prosecuzione allo stato 67
    num_exp          prosecuzione allo stato 181
    number           prosecuzione allo stato 69
    function_symbol  prosecuzione allo stato 70
    ground_f_exp     prosecuzione allo stato 182


stato 141

   48 num_exp: OPEN_PAREN MINUS_TOK num_exp . CLOSE_PAREN
   49        | OPEN_PAREN MINUS_TOK num_exp . num_exp CLOSE_PAREN
   91 ground_f_exp: num_exp .
   95             | OPEN_PAREN MINUS_TOK num_exp . ground_f_exp CLOSE_PAREN

    NAME            shift e prosecuzione allo stato 62
    OPEN_PAREN      shift e prosecuzione allo stato 63
    CLOSE_PAREN     shift e prosecuzione allo stato 183
    INTVAL          shift e prosecuzione allo stato 64
    FLOATVAL        shift e prosecuzione allo stato 65
    TOTAL_TIME_TOK  shift e prosecuzione allo stato 66

    NAME            [riduzione con la regola 91 (ground_f_exp)]
    OPEN_PAREN      [riduzione con la regola 91 (ground_f_exp)]
    CLOSE_PAREN     [riduzione con la regola 91 (ground_f_exp)]
    INTVAL          [riduzione con la regola 91 (ground_f_exp)]
    FLOATVAL        [riduzione con la regola 91 (ground_f_exp)]
    TOTAL_TIME_TOK  [riduzione con la regola 91 (ground_f_exp)]

    f_head           prosecuzione allo stato 67
    num_exp          prosecuzione allo stato 184
    number           prosecuzione allo stato 69
    function_symbol  prosecuzione allo stato 70
    ground_f_exp     prosecuzione allo stato 185


stato 142

   86 ground_f_exp: OPEN_PAREN MINUS_TOK ground_f_exp . CLOSE_PAREN
   87             | OPEN_PAREN MINUS_TOK ground_f_exp . ground_f_exp CLOSE_PAREN
   96             | OPEN_PAREN MINUS_TOK ground_f_exp . num_exp CLOSE_PAREN

    NAME            shift e prosecuzione allo stato 62
    OPEN_PAREN      shift e prosecuzione allo stato 63
    CLOSE_PAREN     shift e prosecuzione allo stato 186
    INTVAL          shift e prosecuzione allo stato 64
    FLOATVAL        shift e prosecuzione allo stato 65
    TOTAL_TIME_TOK  shift e prosecuzione allo stato 66

    f_head           prosecuzione allo stato 67
    num_exp          prosecuzione allo stato 187
    number           prosecuzione allo stato 69
    function_symbol  prosecuzione allo stato 70
    ground_f_exp     prosecuzione allo stato 188


stato 143

   51 num_exp: OPEN_PAREN MUL_TOK num_exp . num_exp CLOSE_PAREN
   91 ground_f_exp: num_exp .
  101             | OPEN_PAREN MUL_TOK num_exp . ground_f_exp CLOSE_PAREN

    NAME            shift e prosecuzione allo stato 62
    OPEN_PAREN      shift e prosecuzione allo stato 63
    INTVAL          shift e prosecuzione allo stato 64
    FLOATVAL        shift e prosecuzione allo stato 65
    TOTAL_TIME_TOK  shift e prosecuzione allo stato 66

    NAME            [riduzione con la regola 91 (ground_f_exp)]
    OPEN_PAREN      [riduzione con la regola 91 (ground_f_exp)]
    INTVAL          [riduzione con la regola 91 (ground_f_exp)]
    FLOATVAL        [riduzione con la regola 91 (ground_f_exp)]
    TOTAL_TIME_TOK  [riduzione con la regola 91 (ground_f_exp)]

    f_head           prosecuzione allo stato 67
    num_exp          prosecuzione allo stato 189
    number           prosecuzione allo stato 69
    function_symbol  prosecuzione allo stato 70
    ground_f_exp     prosecuzione allo stato 190


stato 144

   89 ground_f_exp: OPEN_PAREN MUL_TOK ground_f_exp . ground_f_exp CLOSE_PAREN
  102             | OPEN_PAREN MUL_TOK ground_f_exp . num_exp CLOSE_PAREN

    NAME            shift e prosecuzione allo stato 62
    OPEN_PAREN      shift e prosecuzione allo stato 63
    INTVAL          shift e prosecuzione allo stato 64
    FLOATVAL        shift e prosecuzione allo stato 65
    TOTAL_TIME_TOK  shift e prosecuzione allo stato 66

    f_head           prosecuzione allo stato 67
    num_exp          prosecuzione allo stato 191
    number           prosecuzione allo stato 69
    function_symbol  prosecuzione allo stato 70
    ground_f_exp     prosecuzione allo stato 192


stato 145

   52 num_exp: OPEN_PAREN DIV_TOK num_exp . num_exp CLOSE_PAREN
   91 ground_f_exp: num_exp .
   99             | OPEN_PAREN DIV_TOK num_exp . ground_f_exp CLOSE_PAREN

    NAME            shift e prosecuzione allo stato 62
    OPEN_PAREN      shift e prosecuzione allo stato 63
    INTVAL          shift e prosecuzione allo stato 64
    FLOATVAL        shift e prosecuzione allo stato 65
    TOTAL_TIME_TOK  shift e prosecuzione allo stato 66

    NAME            [riduzione con la regola 91 (ground_f_exp)]
    OPEN_PAREN      [riduzione con la regola 91 (ground_f_exp)]
    INTVAL          [riduzione con la regola 91 (ground_f_exp)]
    FLOATVAL        [riduzione con la regola 91 (ground_f_exp)]
    TOTAL_TIME_TOK  [riduzione con la regola 91 (ground_f_exp)]

    f_head           prosecuzione allo stato 67
    num_exp          prosecuzione allo stato 193
    number           prosecuzione allo stato 69
    function_symbol  prosecuzione allo stato 70
    ground_f_exp     prosecuzione allo stato 194


stato 146

   90 ground_f_exp: OPEN_PAREN DIV_TOK ground_f_exp . ground_f_exp CLOSE_PAREN
  100             | OPEN_PAREN DIV_TOK ground_f_exp . num_exp CLOSE_PAREN

    NAME            shift e prosecuzione allo stato 62
    OPEN_PAREN      shift e prosecuzione allo stato 63
    INTVAL          shift e prosecuzione allo stato 64
    FLOATVAL        shift e prosecuzione allo stato 65
    TOTAL_TIME_TOK  shift e prosecuzione allo stato 66

    f_head           prosecuzione allo stato 67
    num_exp          prosecuzione allo stato 195
    number           prosecuzione allo stato 69
    function_symbol  prosecuzione allo stato 70
    ground_f_exp     prosecuzione allo stato 196


stato 147

   41 f_head: OPEN_PAREN function_symbol term_star . CLOSE_PAREN

    CLOSE_PAREN  shift e prosecuzione allo stato 197


stato 148

   94 ground_f_exp: OPEN_PAREN ground_f_exp CLOSE_PAREN .

    $default  riduzione con la regola 94 (ground_f_exp)


stato 149

  105 ser_par: OPEN_PAREN SERIAL_TOK INTVAL CLOSE_PAREN .

    $default  riduzione con la regola 105 (ser_par)


stato 150

  106 ser_par: OPEN_PAREN PARALLEL_TOK INTVAL CLOSE_PAREN .

    $default  riduzione con la regola 106 (ser_par)


stato 151

   69 typed_list_name: NAME either name_plus CLOSE_PAREN typed_list_name .

    $default  riduzione con la regola 69 (typed_list_name)


stato 152

   77 predicate: EQUAL_TOK .

    $default  riduzione con la regola 77 (predicate)


stato 153

   78 literal_name: OPEN_PAREN NOT_TOK atomic_formula_name CLOSE_PAREN .

    $default  riduzione con la regola 78 (literal_name)


stato 154

   41 f_head: OPEN_PAREN function_symbol . term_star CLOSE_PAREN

    NAME      shift e prosecuzione allo stato 133
    VARIABLE  shift e prosecuzione allo stato 134

    $default  riduzione con la regola 62 (term_star)

    term_star  prosecuzione allo stato 147
    term       prosecuzione allo stato 136


stato 155

   48 num_exp: OPEN_PAREN . MINUS_TOK num_exp CLOSE_PAREN
   49        | OPEN_PAREN . MINUS_TOK num_exp num_exp CLOSE_PAREN
   50        | OPEN_PAREN . PLUS_TOK num_exp num_exp CLOSE_PAREN
   51        | OPEN_PAREN . MUL_TOK num_exp num_exp CLOSE_PAREN
   52        | OPEN_PAREN . DIV_TOK num_exp num_exp CLOSE_PAREN

    PLUS_TOK   shift e prosecuzione allo stato 198
    MINUS_TOK  shift e prosecuzione allo stato 199
    MUL_TOK    shift e prosecuzione allo stato 200
    DIV_TOK    shift e prosecuzione allo stato 201


stato 156

   22 init_el: OPEN_PAREN EQUAL_TOK f_head num_exp . CLOSE_PAREN

    CLOSE_PAREN  shift e prosecuzione allo stato 202


stato 157

   78 literal_name: OPEN_PAREN . NOT_TOK atomic_formula_name CLOSE_PAREN
   80 atomic_formula_name: OPEN_PAREN . predicate name_star CLOSE_PAREN

    NOT_TOK    shift e prosecuzione allo stato 80
    NAME       shift e prosecuzione allo stato 81
    EQUAL_TOK  shift e prosecuzione allo stato 152

    predicate  prosecuzione allo stato 84


stato 158

   21 init_el: OPEN_PAREN TIMED_EL_TOK number literal_name . CLOSE_PAREN

    CLOSE_PAREN  shift e prosecuzione allo stato 203


stato 159

   82 name_star: NAME name_star .

    $default  riduzione con la regola 82 (name_star)


stato 160

   80 atomic_formula_name: OPEN_PAREN predicate name_star CLOSE_PAREN .

    $default  riduzione con la regola 80 (atomic_formula_name)


stato 161

   58 adl_goal_description_star: adl_goal_description adl_goal_description_star .

    $default  riduzione con la regola 58 (adl_goal_description_star)


stato 162

   26 adl_goal_description: OPEN_PAREN AND_TOK adl_goal_description_star CLOSE_PAREN .

    $default  riduzione con la regola 26 (adl_goal_description)


stato 163

   28 adl_goal_description: OPEN_PAREN NOT_TOK adl_goal_description CLOSE_PAREN .

    $default  riduzione con la regola 28 (adl_goal_description)


stato 164

   59 literal_term: OPEN_PAREN NOT_TOK atomic_formula_term CLOSE_PAREN .

    $default  riduzione con la regola 59 (literal_term)


stato 165

   73 typed_list_variable: VARIABLE . either name_plus CLOSE_PAREN typed_list_variable
   74                    | VARIABLE . type typed_list_variable
   75                    | VARIABLE . typed_list_variable

    VARIABLE   shift e prosecuzione allo stato 165
    MINUS_TOK  shift e prosecuzione allo stato 45

    $default  riduzione con la regola 72 (typed_list_variable)

    typed_list_variable  prosecuzione allo stato 204
    type                 prosecuzione allo stato 205
    either               prosecuzione allo stato 206


stato 166

   31 adl_goal_description: OPEN_PAREN FORALL_TOK OPEN_PAREN typed_list_variable . CLOSE_PAREN adl_goal_description CLOSE_PAREN

    CLOSE_PAREN  shift e prosecuzione allo stato 207


stato 167

   29 adl_goal_description: OPEN_PAREN IMPLY_TOK adl_goal_description adl_goal_description . CLOSE_PAREN

    CLOSE_PAREN  shift e prosecuzione allo stato 208


stato 168

   27 adl_goal_description: OPEN_PAREN OR_TOK adl_goal_description_star CLOSE_PAREN .

    $default  riduzione con la regola 27 (adl_goal_description)


stato 169

   30 adl_goal_description: OPEN_PAREN EXISTS_TOK OPEN_PAREN typed_list_variable . CLOSE_PAREN adl_goal_description CLOSE_PAREN

    CLOSE_PAREN  shift e prosecuzione allo stato 209


stato 170

   37 f_exp: OPEN_PAREN PLUS_TOK . f_exp f_exp CLOSE_PAREN
   50 num_exp: OPEN_PAREN PLUS_TOK . num_exp num_exp CLOSE_PAREN

    NAME        shift e prosecuzione allo stato 62
    OPEN_PAREN  shift e prosecuzione allo stato 129
    INTVAL      shift e prosecuzione allo stato 64
    FLOATVAL    shift e prosecuzione allo stato 65

    f_exp            prosecuzione allo stato 210
    f_head           prosecuzione allo stato 131
    num_exp          prosecuzione allo stato 211
    number           prosecuzione allo stato 69
    function_symbol  prosecuzione allo stato 70


stato 171

   35 f_exp: OPEN_PAREN MINUS_TOK . f_exp CLOSE_PAREN
   36      | OPEN_PAREN MINUS_TOK . f_exp f_exp CLOSE_PAREN
   48 num_exp: OPEN_PAREN MINUS_TOK . num_exp CLOSE_PAREN
   49        | OPEN_PAREN MINUS_TOK . num_exp num_exp CLOSE_PAREN

    NAME        shift e prosecuzione allo stato 62
    OPEN_PAREN  shift e prosecuzione allo stato 129
    INTVAL      shift e prosecuzione allo stato 64
    FLOATVAL    shift e prosecuzione allo stato 65

    f_exp            prosecuzione allo stato 212
    f_head           prosecuzione allo stato 131
    num_exp          prosecuzione allo stato 213
    number           prosecuzione allo stato 69
    function_symbol  prosecuzione allo stato 70


stato 172

   38 f_exp: OPEN_PAREN MUL_TOK . f_exp f_exp CLOSE_PAREN
   51 num_exp: OPEN_PAREN MUL_TOK . num_exp num_exp CLOSE_PAREN

    NAME        shift e prosecuzione allo stato 62
    OPEN_PAREN  shift e prosecuzione allo stato 129
    INTVAL      shift e prosecuzione allo stato 64
    FLOATVAL    shift e prosecuzione allo stato 65

    f_exp            prosecuzione allo stato 214
    f_head           prosecuzione allo stato 131
    num_exp          prosecuzione allo stato 215
    number           prosecuzione allo stato 69
    function_symbol  prosecuzione allo stato 70


stato 173

   39 f_exp: OPEN_PAREN DIV_TOK . f_exp f_exp CLOSE_PAREN
   52 num_exp: OPEN_PAREN DIV_TOK . num_exp num_exp CLOSE_PAREN

    NAME        shift e prosecuzione allo stato 62
    OPEN_PAREN  shift e prosecuzione allo stato 129
    INTVAL      shift e prosecuzione allo stato 64
    FLOATVAL    shift e prosecuzione allo stato 65

    f_exp            prosecuzione allo stato 216
    f_head           prosecuzione allo stato 131
    num_exp          prosecuzione allo stato 217
    number           prosecuzione allo stato 69
    function_symbol  prosecuzione allo stato 70


stato 174

   33 f_comp: OPEN_PAREN binary_comp f_exp f_exp . CLOSE_PAREN

    CLOSE_PAREN  shift e prosecuzione allo stato 218


stato 175

   61 atomic_formula_term: OPEN_PAREN predicate term_star CLOSE_PAREN .

    $default  riduzione con la regola 61 (atomic_formula_term)


stato 176

   63 term_star: term term_star .

    $default  riduzione con la regola 63 (term_star)


stato 177

  114 require_key_star: NAME $@6 . require_key_star

    NAME  shift e prosecuzione allo stato 137

    $default  riduzione con la regola 112 (require_key_star)

    require_key_star  prosecuzione allo stato 219


stato 178

  111 require_def: OPEN_PAREN REQUIREMENTS_TOK $@4 NAME $@5 require_key_star CLOSE_PAREN .

    $default  riduzione con la regola 111 (require_def)


stato 179

   50 num_exp: OPEN_PAREN PLUS_TOK num_exp num_exp . CLOSE_PAREN
   91 ground_f_exp: num_exp .

    CLOSE_PAREN  shift e prosecuzione allo stato 220

    CLOSE_PAREN  [riduzione con la regola 91 (ground_f_exp)]


stato 180

   97 ground_f_exp: OPEN_PAREN PLUS_TOK num_exp ground_f_exp . CLOSE_PAREN

    CLOSE_PAREN  shift e prosecuzione allo stato 221


stato 181

   91 ground_f_exp: num_exp .
   98             | OPEN_PAREN PLUS_TOK ground_f_exp num_exp . CLOSE_PAREN

    CLOSE_PAREN  shift e prosecuzione allo stato 222

    CLOSE_PAREN  [riduzione con la regola 91 (ground_f_exp)]


stato 182

   88 ground_f_exp: OPEN_PAREN PLUS_TOK ground_f_exp ground_f_exp . CLOSE_PAREN

    CLOSE_PAREN  shift e prosecuzione allo stato 223


stato 183

   48 num_exp: OPEN_PAREN MINUS_TOK num_exp CLOSE_PAREN .

    $default  riduzione con la regola 48 (num_exp)


stato 184

   49 num_exp: OPEN_PAREN MINUS_TOK num_exp num_exp . CLOSE_PAREN
   91 ground_f_exp: num_exp .

    CLOSE_PAREN  shift e prosecuzione allo stato 224

    CLOSE_PAREN  [riduzione con la regola 91 (ground_f_exp)]


stato 185

   95 ground_f_exp: OPEN_PAREN MINUS_TOK num_exp ground_f_exp . CLOSE_PAREN

    CLOSE_PAREN  shift e prosecuzione allo stato 225


stato 186

   86 ground_f_exp: OPEN_PAREN MINUS_TOK ground_f_exp CLOSE_PAREN .

    $default  riduzione con la regola 86 (ground_f_exp)


stato 187

   91 ground_f_exp: num_exp .
   96             | OPEN_PAREN MINUS_TOK ground_f_exp num_exp . CLOSE_PAREN

    CLOSE_PAREN  shift e prosecuzione allo stato 226

    CLOSE_PAREN  [riduzione con la regola 91 (ground_f_exp)]


stato 188

   87 ground_f_exp: OPEN_PAREN MINUS_TOK ground_f_exp ground_f_exp . CLOSE_PAREN

    CLOSE_PAREN  shift e prosecuzione allo stato 227


stato 189

   51 num_exp: OPEN_PAREN MUL_TOK num_exp num_exp . CLOSE_PAREN
   91 ground_f_exp: num_exp .

    CLOSE_PAREN  shift e prosecuzione allo stato 228

    CLOSE_PAREN  [riduzione con la regola 91 (ground_f_exp)]


stato 190

  101 ground_f_exp: OPEN_PAREN MUL_TOK num_exp ground_f_exp . CLOSE_PAREN

    CLOSE_PAREN  shift e prosecuzione allo stato 229


stato 191

   91 ground_f_exp: num_exp .
  102             | OPEN_PAREN MUL_TOK ground_f_exp num_exp . CLOSE_PAREN

    CLOSE_PAREN  shift e prosecuzione allo stato 230

    CLOSE_PAREN  [riduzione con la regola 91 (ground_f_exp)]


stato 192

   89 ground_f_exp: OPEN_PAREN MUL_TOK ground_f_exp ground_f_exp . CLOSE_PAREN

    CLOSE_PAREN  shift e prosecuzione allo stato 231


stato 193

   52 num_exp: OPEN_PAREN DIV_TOK num_exp num_exp . CLOSE_PAREN
   91 ground_f_exp: num_exp .

    CLOSE_PAREN  shift e prosecuzione allo stato 232

    CLOSE_PAREN  [riduzione con la regola 91 (ground_f_exp)]


stato 194

   99 ground_f_exp: OPEN_PAREN DIV_TOK num_exp ground_f_exp . CLOSE_PAREN

    CLOSE_PAREN  shift e prosecuzione allo stato 233


stato 195

   91 ground_f_exp: num_exp .
  100             | OPEN_PAREN DIV_TOK ground_f_exp num_exp . CLOSE_PAREN

    CLOSE_PAREN  shift e prosecuzione allo stato 234

    CLOSE_PAREN  [riduzione con la regola 91 (ground_f_exp)]


stato 196

   90 ground_f_exp: OPEN_PAREN DIV_TOK ground_f_exp ground_f_exp . CLOSE_PAREN

    CLOSE_PAREN  shift e prosecuzione allo stato 235


stato 197

   41 f_head: OPEN_PAREN function_symbol term_star CLOSE_PAREN .

    $default  riduzione con la regola 41 (f_head)


stato 198

   50 num_exp: OPEN_PAREN PLUS_TOK . num_exp num_exp CLOSE_PAREN

    OPEN_PAREN  shift e prosecuzione allo stato 155
    INTVAL      shift e prosecuzione allo stato 64
    FLOATVAL    shift e prosecuzione allo stato 65

    num_exp  prosecuzione allo stato 236
    number   prosecuzione allo stato 69


stato 199

   48 num_exp: OPEN_PAREN MINUS_TOK . num_exp CLOSE_PAREN
   49        | OPEN_PAREN MINUS_TOK . num_exp num_exp CLOSE_PAREN

    OPEN_PAREN  shift e prosecuzione allo stato 155
    INTVAL      shift e prosecuzione allo stato 64
    FLOATVAL    shift e prosecuzione allo stato 65

    num_exp  prosecuzione allo stato 237
    number   prosecuzione allo stato 69


stato 200

   51 num_exp: OPEN_PAREN MUL_TOK . num_exp num_exp CLOSE_PAREN

    OPEN_PAREN  shift e prosecuzione allo stato 155
    INTVAL      shift e prosecuzione allo stato 64
    FLOATVAL    shift e prosecuzione allo stato 65

    num_exp  prosecuzione allo stato 238
    number   prosecuzione allo stato 69


stato 201

   52 num_exp: OPEN_PAREN DIV_TOK . num_exp num_exp CLOSE_PAREN

    OPEN_PAREN  shift e prosecuzione allo stato 155
    INTVAL      shift e prosecuzione allo stato 64
    FLOATVAL    shift e prosecuzione allo stato 65

    num_exp  prosecuzione allo stato 239
    number   prosecuzione allo stato 69


stato 202

   22 init_el: OPEN_PAREN EQUAL_TOK f_head num_exp CLOSE_PAREN .

    $default  riduzione con la regola 22 (init_el)


stato 203

   21 init_el: OPEN_PAREN TIMED_EL_TOK number literal_name CLOSE_PAREN .

    $default  riduzione con la regola 21 (init_el)


stato 204

   75 typed_list_variable: VARIABLE typed_list_variable .

    $default  riduzione con la regola 75 (typed_list_variable)


stato 205

   74 typed_list_variable: VARIABLE type . typed_list_variable

    VARIABLE  shift e prosecuzione allo stato 165

    $default  riduzione con la regola 72 (typed_list_variable)

    typed_list_variable  prosecuzione allo stato 240


stato 206

   73 typed_list_variable: VARIABLE either . name_plus CLOSE_PAREN typed_list_variable

    NAME  shift e prosecuzione allo stato 78

    name_plus  prosecuzione allo stato 241


stato 207

   31 adl_goal_description: OPEN_PAREN FORALL_TOK OPEN_PAREN typed_list_variable CLOSE_PAREN . adl_goal_description CLOSE_PAREN

    OPEN_PAREN  shift e prosecuzione allo stato 56

    adl_goal_description  prosecuzione allo stato 242
    f_comp                prosecuzione allo stato 58
    literal_term          prosecuzione allo stato 59
    atomic_formula_term   prosecuzione allo stato 60


stato 208

   29 adl_goal_description: OPEN_PAREN IMPLY_TOK adl_goal_description adl_goal_description CLOSE_PAREN .

    $default  riduzione con la regola 29 (adl_goal_description)


stato 209

   30 adl_goal_description: OPEN_PAREN EXISTS_TOK OPEN_PAREN typed_list_variable CLOSE_PAREN . adl_goal_description CLOSE_PAREN

    OPEN_PAREN  shift e prosecuzione allo stato 56

    adl_goal_description  prosecuzione allo stato 243
    f_comp                prosecuzione allo stato 58
    literal_term          prosecuzione allo stato 59
    atomic_formula_term   prosecuzione allo stato 60


stato 210

   37 f_exp: OPEN_PAREN PLUS_TOK f_exp . f_exp CLOSE_PAREN

    NAME        shift e prosecuzione allo stato 62
    OPEN_PAREN  shift e prosecuzione allo stato 129
    INTVAL      shift e prosecuzione allo stato 64
    FLOATVAL    shift e prosecuzione allo stato 65

    f_exp            prosecuzione allo stato 244
    f_head           prosecuzione allo stato 131
    num_exp          prosecuzione allo stato 132
    number           prosecuzione allo stato 69
    function_symbol  prosecuzione allo stato 70


stato 211

   34 f_exp: num_exp .
   50 num_exp: OPEN_PAREN PLUS_TOK num_exp . num_exp CLOSE_PAREN

    OPEN_PAREN  shift e prosecuzione allo stato 155
    INTVAL      shift e prosecuzione allo stato 64
    FLOATVAL    shift e prosecuzione allo stato 65

    OPEN_PAREN  [riduzione con la regola 34 (f_exp)]
    INTVAL      [riduzione con la regola 34 (f_exp)]
    FLOATVAL    [riduzione con la regola 34 (f_exp)]
    $default    riduzione con la regola 34 (f_exp)

    num_exp  prosecuzione allo stato 245
    number   prosecuzione allo stato 69


stato 212

   35 f_exp: OPEN_PAREN MINUS_TOK f_exp . CLOSE_PAREN
   36      | OPEN_PAREN MINUS_TOK f_exp . f_exp CLOSE_PAREN

    NAME         shift e prosecuzione allo stato 62
    OPEN_PAREN   shift e prosecuzione allo stato 129
    CLOSE_PAREN  shift e prosecuzione allo stato 246
    INTVAL       shift e prosecuzione allo stato 64
    FLOATVAL     shift e prosecuzione allo stato 65

    f_exp            prosecuzione allo stato 247
    f_head           prosecuzione allo stato 131
    num_exp          prosecuzione allo stato 132
    number           prosecuzione allo stato 69
    function_symbol  prosecuzione allo stato 70


stato 213

   34 f_exp: num_exp .
   48 num_exp: OPEN_PAREN MINUS_TOK num_exp . CLOSE_PAREN
   49        | OPEN_PAREN MINUS_TOK num_exp . num_exp CLOSE_PAREN

    OPEN_PAREN   shift e prosecuzione allo stato 155
    CLOSE_PAREN  shift e prosecuzione allo stato 183
    INTVAL       shift e prosecuzione allo stato 64
    FLOATVAL     shift e prosecuzione allo stato 65

    OPEN_PAREN   [riduzione con la regola 34 (f_exp)]
    CLOSE_PAREN  [riduzione con la regola 34 (f_exp)]
    INTVAL       [riduzione con la regola 34 (f_exp)]
    FLOATVAL     [riduzione con la regola 34 (f_exp)]
    $default     riduzione con la regola 34 (f_exp)

    num_exp  prosecuzione allo stato 248
    number   prosecuzione allo stato 69


stato 214

   38 f_exp: OPEN_PAREN MUL_TOK f_exp . f_exp CLOSE_PAREN

    NAME        shift e prosecuzione allo stato 62
    OPEN_PAREN  shift e prosecuzione allo stato 129
    INTVAL      shift e prosecuzione allo stato 64
    FLOATVAL    shift e prosecuzione allo stato 65

    f_exp            prosecuzione allo stato 249
    f_head           prosecuzione allo stato 131
    num_exp          prosecuzione allo stato 132
    number           prosecuzione allo stato 69
    function_symbol  prosecuzione allo stato 70


stato 215

   34 f_exp: num_exp .
   51 num_exp: OPEN_PAREN MUL_TOK num_exp . num_exp CLOSE_PAREN

    OPEN_PAREN  shift e prosecuzione allo stato 155
    INTVAL      shift e prosecuzione allo stato 64
    FLOATVAL    shift e prosecuzione allo stato 65

    OPEN_PAREN  [riduzione con la regola 34 (f_exp)]
    INTVAL      [riduzione con la regola 34 (f_exp)]
    FLOATVAL    [riduzione con la regola 34 (f_exp)]
    $default    riduzione con la regola 34 (f_exp)

    num_exp  prosecuzione allo stato 250
    number   prosecuzione allo stato 69


stato 216

   39 f_exp: OPEN_PAREN DIV_TOK f_exp . f_exp CLOSE_PAREN

    NAME        shift e prosecuzione allo stato 62
    OPEN_PAREN  shift e prosecuzione allo stato 129
    INTVAL      shift e prosecuzione allo stato 64
    FLOATVAL    shift e prosecuzione allo stato 65

    f_exp            prosecuzione allo stato 251
    f_head           prosecuzione allo stato 131
    num_exp          prosecuzione allo stato 132
    number           prosecuzione allo stato 69
    function_symbol  prosecuzione allo stato 70


stato 217

   34 f_exp: num_exp .
   52 num_exp: OPEN_PAREN DIV_TOK num_exp . num_exp CLOSE_PAREN

    OPEN_PAREN  shift e prosecuzione allo stato 155
    INTVAL      shift e prosecuzione allo stato 64
    FLOATVAL    shift e prosecuzione allo stato 65

    OPEN_PAREN  [riduzione con la regola 34 (f_exp)]
    INTVAL      [riduzione con la regola 34 (f_exp)]
    FLOATVAL    [riduzione con la regola 34 (f_exp)]
    $default    riduzione con la regola 34 (f_exp)

    num_exp  prosecuzione allo stato 252
    number   prosecuzione allo stato 69


stato 218

   33 f_comp: OPEN_PAREN binary_comp f_exp f_exp CLOSE_PAREN .

    $default  riduzione con la regola 33 (f_comp)


stato 219

  114 require_key_star: NAME $@6 require_key_star .

    $default  riduzione con la regola 114 (require_key_star)


stato 220

   50 num_exp: OPEN_PAREN PLUS_TOK num_exp num_exp CLOSE_PAREN .

    $default  riduzione con la regola 50 (num_exp)


stato 221

   97 ground_f_exp: OPEN_PAREN PLUS_TOK num_exp ground_f_exp CLOSE_PAREN .

    $default  riduzione con la regola 97 (ground_f_exp)


stato 222

   98 ground_f_exp: OPEN_PAREN PLUS_TOK ground_f_exp num_exp CLOSE_PAREN .

    $default  riduzione con la regola 98 (ground_f_exp)


stato 223

   88 ground_f_exp: OPEN_PAREN PLUS_TOK ground_f_exp ground_f_exp CLOSE_PAREN .

    $default  riduzione con la regola 88 (ground_f_exp)


stato 224

   49 num_exp: OPEN_PAREN MINUS_TOK num_exp num_exp CLOSE_PAREN .

    $default  riduzione con la regola 49 (num_exp)


stato 225

   95 ground_f_exp: OPEN_PAREN MINUS_TOK num_exp ground_f_exp CLOSE_PAREN .

    $default  riduzione con la regola 95 (ground_f_exp)


stato 226

   96 ground_f_exp: OPEN_PAREN MINUS_TOK ground_f_exp num_exp CLOSE_PAREN .

    $default  riduzione con la regola 96 (ground_f_exp)


stato 227

   87 ground_f_exp: OPEN_PAREN MINUS_TOK ground_f_exp ground_f_exp CLOSE_PAREN .

    $default  riduzione con la regola 87 (ground_f_exp)


stato 228

   51 num_exp: OPEN_PAREN MUL_TOK num_exp num_exp CLOSE_PAREN .

    $default  riduzione con la regola 51 (num_exp)


stato 229

  101 ground_f_exp: OPEN_PAREN MUL_TOK num_exp ground_f_exp CLOSE_PAREN .

    $default  riduzione con la regola 101 (ground_f_exp)


stato 230

  102 ground_f_exp: OPEN_PAREN MUL_TOK ground_f_exp num_exp CLOSE_PAREN .

    $default  riduzione con la regola 102 (ground_f_exp)


stato 231

   89 ground_f_exp: OPEN_PAREN MUL_TOK ground_f_exp ground_f_exp CLOSE_PAREN .

    $default  riduzione con la regola 89 (ground_f_exp)


stato 232

   52 num_exp: OPEN_PAREN DIV_TOK num_exp num_exp CLOSE_PAREN .

    $default  riduzione con la regola 52 (num_exp)


stato 233

   99 ground_f_exp: OPEN_PAREN DIV_TOK num_exp ground_f_exp CLOSE_PAREN .

    $default  riduzione con la regola 99 (ground_f_exp)


stato 234

  100 ground_f_exp: OPEN_PAREN DIV_TOK ground_f_exp num_exp CLOSE_PAREN .

    $default  riduzione con la regola 100 (ground_f_exp)


stato 235

   90 ground_f_exp: OPEN_PAREN DIV_TOK ground_f_exp ground_f_exp CLOSE_PAREN .

    $default  riduzione con la regola 90 (ground_f_exp)


stato 236

   50 num_exp: OPEN_PAREN PLUS_TOK num_exp . num_exp CLOSE_PAREN

    OPEN_PAREN  shift e prosecuzione allo stato 155
    INTVAL      shift e prosecuzione allo stato 64
    FLOATVAL    shift e prosecuzione allo stato 65

    num_exp  prosecuzione allo stato 245
    number   prosecuzione allo stato 69


stato 237

   48 num_exp: OPEN_PAREN MINUS_TOK num_exp . CLOSE_PAREN
   49        | OPEN_PAREN MINUS_TOK num_exp . num_exp CLOSE_PAREN

    OPEN_PAREN   shift e prosecuzione allo stato 155
    CLOSE_PAREN  shift e prosecuzione allo stato 183
    INTVAL       shift e prosecuzione allo stato 64
    FLOATVAL     shift e prosecuzione allo stato 65

    num_exp  prosecuzione allo stato 248
    number   prosecuzione allo stato 69


stato 238

   51 num_exp: OPEN_PAREN MUL_TOK num_exp . num_exp CLOSE_PAREN

    OPEN_PAREN  shift e prosecuzione allo stato 155
    INTVAL      shift e prosecuzione allo stato 64
    FLOATVAL    shift e prosecuzione allo stato 65

    num_exp  prosecuzione allo stato 250
    number   prosecuzione allo stato 69


stato 239

   52 num_exp: OPEN_PAREN DIV_TOK num_exp . num_exp CLOSE_PAREN

    OPEN_PAREN  shift e prosecuzione allo stato 155
    INTVAL      shift e prosecuzione allo stato 64
    FLOATVAL    shift e prosecuzione allo stato 65

    num_exp  prosecuzione allo stato 252
    number   prosecuzione allo stato 69


stato 240

   74 typed_list_variable: VARIABLE type typed_list_variable .

    $default  riduzione con la regola 74 (typed_list_variable)


stato 241

   73 typed_list_variable: VARIABLE either name_plus . CLOSE_PAREN typed_list_variable

    CLOSE_PAREN  shift e prosecuzione allo stato 253


stato 242

   31 adl_goal_description: OPEN_PAREN FORALL_TOK OPEN_PAREN typed_list_variable CLOSE_PAREN adl_goal_description . CLOSE_PAREN

    CLOSE_PAREN  shift e prosecuzione allo stato 254


stato 243

   30 adl_goal_description: OPEN_PAREN EXISTS_TOK OPEN_PAREN typed_list_variable CLOSE_PAREN adl_goal_description . CLOSE_PAREN

    CLOSE_PAREN  shift e prosecuzione allo stato 255


stato 244

   37 f_exp: OPEN_PAREN PLUS_TOK f_exp f_exp . CLOSE_PAREN

    CLOSE_PAREN  shift e prosecuzione allo stato 256


stato 245

   50 num_exp: OPEN_PAREN PLUS_TOK num_exp num_exp . CLOSE_PAREN

    CLOSE_PAREN  shift e prosecuzione allo stato 220


stato 246

   35 f_exp: OPEN_PAREN MINUS_TOK f_exp CLOSE_PAREN .

    $default  riduzione con la regola 35 (f_exp)


stato 247

   36 f_exp: OPEN_PAREN MINUS_TOK f_exp f_exp . CLOSE_PAREN

    CLOSE_PAREN  shift e prosecuzione allo stato 257


stato 248

   49 num_exp: OPEN_PAREN MINUS_TOK num_exp num_exp . CLOSE_PAREN

    CLOSE_PAREN  shift e prosecuzione allo stato 224


stato 249

   38 f_exp: OPEN_PAREN MUL_TOK f_exp f_exp . CLOSE_PAREN

    CLOSE_PAREN  shift e prosecuzione allo stato 258


stato 250

   51 num_exp: OPEN_PAREN MUL_TOK num_exp num_exp . CLOSE_PAREN

    CLOSE_PAREN  shift e prosecuzione allo stato 228


stato 251

   39 f_exp: OPEN_PAREN DIV_TOK f_exp f_exp . CLOSE_PAREN

    CLOSE_PAREN  shift e prosecuzione allo stato 259


stato 252

   52 num_exp: OPEN_PAREN DIV_TOK num_exp num_exp . CLOSE_PAREN

    CLOSE_PAREN  shift e prosecuzione allo stato 232


stato 253

   73 typed_list_variable: VARIABLE either name_plus CLOSE_PAREN . typed_list_variable

    VARIABLE  shift e prosecuzione allo stato 165

    $default  riduzione con la regola 72 (typed_list_variable)

    typed_list_variable  prosecuzione allo stato 260


stato 254

   31 adl_goal_description: OPEN_PAREN FORALL_TOK OPEN_PAREN typed_list_variable CLOSE_PAREN adl_goal_description CLOSE_PAREN .

    $default  riduzione con la regola 31 (adl_goal_description)


stato 255

   30 adl_goal_description: OPEN_PAREN EXISTS_TOK OPEN_PAREN typed_list_variable CLOSE_PAREN adl_goal_description CLOSE_PAREN .

    $default  riduzione con la regola 30 (adl_goal_description)


stato 256

   37 f_exp: OPEN_PAREN PLUS_TOK f_exp f_exp CLOSE_PAREN .

    $default  riduzione con la regola 37 (f_exp)


stato 257

   36 f_exp: OPEN_PAREN MINUS_TOK f_exp f_exp CLOSE_PAREN .

    $default  riduzione con la regola 36 (f_exp)


stato 258

   38 f_exp: OPEN_PAREN MUL_TOK f_exp f_exp CLOSE_PAREN .

    $default  riduzione con la regola 38 (f_exp)


stato 259

   39 f_exp: OPEN_PAREN DIV_TOK f_exp f_exp CLOSE_PAREN .

    $default  riduzione con la regola 39 (f_exp)


stato 260

   73 typed_list_variable: VARIABLE either name_plus CLOSE_PAREN typed_list_variable .

    $default  riduzione con la regola 73 (typed_list_variable)
